<?xml version="1.0" encoding="UTF-8"?>
<!-- Generated by org.testng.reporters.JUnitReportReporter -->
<testsuite hostname="ojt15-PC" name="TestngDemo.NewTest" tests="1" failures="0" timestamp="7 Feb 2020 06:09:21 GMT" time="185.357" errors="0">
  <testcase name="f1" time="185.357" classname="TestngDemo.NewTest"/>
</testsuite> <!-- TestngDemo.NewTest -->
